c:\users\andra ursa\desktop\qtwidgetsapplication3\qtwidgetsapplication3\x64\debug\vc143.pdb
c:\users\andra ursa\desktop\qtwidgetsapplication3\qtwidgetsapplication3\x64\debug\moc_qtwidgetsapplication3.obj
c:\users\andra ursa\desktop\qtwidgetsapplication3\qtwidgetsapplication3\x64\debug\locatar.obj
c:\users\andra ursa\desktop\qtwidgetsapplication3\qtwidgetsapplication3\x64\debug\repo.obj
c:\users\andra ursa\desktop\qtwidgetsapplication3\qtwidgetsapplication3\x64\debug\main.obj
c:\users\andra ursa\desktop\qtwidgetsapplication3\qtwidgetsapplication3\x64\debug\qrc_qtwidgetsapplication3.obj
c:\users\andra ursa\desktop\qtwidgetsapplication3\x64\debug\qtwidgetsapplication3.exe
c:\users\andra ursa\desktop\qtwidgetsapplication3\x64\debug\qtwidgetsapplication3.ilk
c:\users\andra ursa\desktop\qtwidgetsapplication3\x64\debug\qtwidgetsapplication3.pdb
c:\users\andra ursa\desktop\qtwidgetsapplication3\qtwidgetsapplication3\x64\debug\uic\ui_qtwidgetsapplication3.h
c:\users\andra ursa\desktop\qtwidgetsapplication3\qtwidgetsapplication3\x64\debug\rcc\qrc_qtwidgetsapplication3.cpp
c:\users\andra ursa\desktop\qtwidgetsapplication3\qtwidgetsapplication3\x64\debug\moc\moc_qtwidgetsapplication3.cpp
c:\users\andra ursa\desktop\qtwidgetsapplication3\qtwidgetsapplication3\x64\debug\qtwidgetsapplication3.obj
c:\users\andra ursa\desktop\qtwidgetsapplication3\qtwidgetsapplication3\x64\debug\qtwidget.08943fb2.tlog\cl.command.1.tlog
c:\users\andra ursa\desktop\qtwidgetsapplication3\qtwidgetsapplication3\x64\debug\qtwidget.08943fb2.tlog\cl.read.1.tlog
c:\users\andra ursa\desktop\qtwidgetsapplication3\qtwidgetsapplication3\x64\debug\qtwidget.08943fb2.tlog\cl.write.1.tlog
c:\users\andra ursa\desktop\qtwidgetsapplication3\qtwidgetsapplication3\x64\debug\qtwidget.08943fb2.tlog\link.command.1.tlog
c:\users\andra ursa\desktop\qtwidgetsapplication3\qtwidgetsapplication3\x64\debug\qtwidget.08943fb2.tlog\link.read.1.tlog
c:\users\andra ursa\desktop\qtwidgetsapplication3\qtwidgetsapplication3\x64\debug\qtwidget.08943fb2.tlog\link.write.1.tlog
c:\users\andra ursa\desktop\qtwidgetsapplication3\qtwidgetsapplication3\x64\debug\qtwidget.08943fb2.tlog\qtwidgetsapplication3.write.1u.tlog
c:\users\andra ursa\desktop\qtwidgetsapplication3\qtwidgetsapplication3\x64\debug\qtwidget.08943fb2.tlog\rcc.read.1u.tlog
c:\users\andra ursa\desktop\qtwidgetsapplication3\qtwidgetsapplication3\x64\debug\qtwidget.08943fb2.tlog\rcc.write.1u.tlog
c:\users\andra ursa\desktop\qtwidgetsapplication3\qtwidgetsapplication3\x64\debug\qtwidget.08943fb2.tlog\uic.read.1u.tlog
c:\users\andra ursa\desktop\qtwidgetsapplication3\qtwidgetsapplication3\x64\debug\qtwidget.08943fb2.tlog\uic.write.1u.tlog
